<!DOCTYPE html>
<html>
<head>
    <title>Unittest Results</title>
    <meta charset="utf-8">
    <meta name="viewport" content="width=device-width, initial-scale=1.0">
    <link rel="stylesheet" href="https://maxcdn.bootstrapcdn.com/bootstrap/3.3.6/css/bootstrap.min.css" integrity="sha384-1q8mTJOASx8j1Au+a5WDVnPi2lkFfwwEAa8hDDdjZlpLegxhjVME1fgjWPGmkzs7" crossorigin="anonymous">
</head>
<body>
    <div class="container">
        <div class="row">
            <div class="col-xs-12">
                <h2 class="text-capitalize">Unittest Results</h2>
                <p class='attribute'><strong>Start Time: </strong>2025-07-28 19:49:30</p>
                <p class='attribute'><strong>Duration: </strong>30.51 s</p>
                <p class='attribute'><strong>Summary: </strong>Total: 3, Pass: 1, Error: 2</p>
            </div>
        </div>
        <div class="row">
            <div class="col-xs-12 col-sm-10 col-md-10">
                <table class='table table-hover table-responsive'>
                    <thead>
                        <tr>
                            <th>__main__.LoginPageTests</th>
                            <th>Status</th>
                            <th></th>
                        </tr>
                    </thead>
                    <tbody>
                        <tr class='warning'>
                            <td class="col-xs-10">test_empty_fields</td>
                            <td class="col-xs-1">
                                <span class="label label-warning" style="display:block;width:40px;">Error</span>
                            </td>
                            <td class="col-xs-1">
                                <button class="btn btn-default btn-xs">View</button>
                            </td>
                        </tr>
                        <tr style="display:none;">
                            <td class="col-xs-9" colspan="3"><p>
[SETUP] Launching Chrome browser...
[SETUP] Base URL: http://127.0.0.1:8000/login/

[TEST] test_empty_fields started
[ACTION] Navigating to http://127.0.0.1:8000/login/
[ACTION] Typing username='', password=''
[ACTION] Login form submitted
</p><p style="color:maroon;">TimeoutException: Message: 
Stacktrace:
	GetHandleVerifier [0x0x1191af3+62339]
	GetHandleVerifier [0x0x1191b34+62404]
	(No symbol) [0x0xfd2123]
	(No symbol) [0x0x101a86e]
	(No symbol) [0x0x101ac0b]
	(No symbol) [0x0x1062f72]
	(No symbol) [0x0x103f404]
	(No symbol) [0x0x10607a3]
	(No symbol) [0x0x103f1b6]
	(No symbol) [0x0x100e7a2]
	(No symbol) [0x0x100f644]
	GetHandleVerifier [0x0x1406683+2637587]
	GetHandleVerifier [0x0x1401a8a+2618138]
	GetHandleVerifier [0x0x11b856a+220666]
	GetHandleVerifier [0x0x11a8998+156200]
	GetHandleVerifier [0x0x11af12d+182717]
	GetHandleVerifier [0x0x1199a38+94920]
	GetHandleVerifier [0x0x1199bc2+95314]
	GetHandleVerifier [0x0x1184d0a+9626]
	BaseThreadInitThunk [0x0x75a15d49+25]
	RtlInitializeExceptionChain [0x0x773dd1ab+107]
	RtlGetAppContainerNamedObjectPath [0x0x773dd131+561]
</p><p style="color:maroon;">Traceback (most recent call last):
  File "D:\B.tech Information Technology\4th year\7th sem\software testing lab\software_testing_lab\myapp\test_login.py", line 47, in test_empty_fields
    error = WebDriverWait(self.driver, 5).until(
            ^^^^^^^^^^^^^^^^^^^^^^^^^^^^^^^^^^^^
  File "C:\Users\akash\AppData\Local\Packages\PythonSoftwareFoundation.Python.3.12_qbz5n2kfra8p0\LocalCache\local-packages\Python312\site-packages\selenium\webdriver\support\wait.py", line 138, in until
    raise TimeoutException(message, screen, stacktrace)
selenium.common.exceptions.TimeoutException: Message: 
Stacktrace:
	GetHandleVerifier [0x0x1191af3+62339]
	GetHandleVerifier [0x0x1191b34+62404]
	(No symbol) [0x0xfd2123]
	(No symbol) [0x0x101a86e]
	(No symbol) [0x0x101ac0b]
	(No symbol) [0x0x1062f72]
	(No symbol) [0x0x103f404]
	(No symbol) [0x0x10607a3]
	(No symbol) [0x0x103f1b6]
	(No symbol) [0x0x100e7a2]
	(No symbol) [0x0x100f644]
	GetHandleVerifier [0x0x1406683+2637587]
	GetHandleVerifier [0x0x1401a8a+2618138]
	GetHandleVerifier [0x0x11b856a+220666]
	GetHandleVerifier [0x0x11a8998+156200]
	GetHandleVerifier [0x0x11af12d+182717]
	GetHandleVerifier [0x0x1199a38+94920]
	GetHandleVerifier [0x0x1199bc2+95314]
	GetHandleVerifier [0x0x1184d0a+9626]
	BaseThreadInitThunk [0x0x75a15d49+25]
	RtlInitializeExceptionChain [0x0x773dd1ab+107]
	RtlGetAppContainerNamedObjectPath [0x0x773dd131+561]

</p>
                            </td>
                        </tr>
                        <tr class='success'>
                            <td class="col-xs-10">test_invalid_login</td>
                            <td class="col-xs-1">
                                <span class="label label-success" style="display:block;width:40px;">Pass</span>
                            </td>
                            <td class="col-xs-1">
                                <button class="btn btn-default btn-xs">View</button>
                            </td>
                        </tr>
                        <tr style="display:none;">
                            <td class="col-xs-9" colspan="3"><p>
[SETUP] Launching Chrome browser...
[SETUP] Base URL: http://127.0.0.1:8000/login/

[TEST] test_invalid_login started
[ACTION] Navigating to http://127.0.0.1:8000/login/
[ACTION] Typing username='wronguser', password='wrongpass'
[ACTION] Login form submitted
[INFO] Error text found: 'Please enter a correct username and password. Note that both fields may be case-sensitive.'
[TEARDOWN] Closing browser...
</p>
                            </td>
                        </tr>
                        <tr class='warning'>
                            <td class="col-xs-10">test_valid_login</td>
                            <td class="col-xs-1">
                                <span class="label label-warning" style="display:block;width:40px;">Error</span>
                            </td>
                            <td class="col-xs-1">
                                <button class="btn btn-default btn-xs">View</button>
                            </td>
                        </tr>
                        <tr style="display:none;">
                            <td class="col-xs-9" colspan="3"><p>
[SETUP] Launching Chrome browser...
[SETUP] Base URL: http://127.0.0.1:8000/login/

[TEST] test_valid_login started
[ACTION] Navigating to http://127.0.0.1:8000/login/
[ACTION] Typing username='akash', password='akash'
[ACTION] Login form submitted
</p><p style="color:maroon;">TimeoutException: Message: 
Stacktrace:
	GetHandleVerifier [0x0x1191af3+62339]
	GetHandleVerifier [0x0x1191b34+62404]
	(No symbol) [0x0xfd2123]
	(No symbol) [0x0x101a86e]
	(No symbol) [0x0x101ac0b]
	(No symbol) [0x0x1062f72]
	(No symbol) [0x0x103f404]
	(No symbol) [0x0x10607a3]
	(No symbol) [0x0x103f1b6]
	(No symbol) [0x0x100e7a2]
	(No symbol) [0x0x100f644]
	GetHandleVerifier [0x0x1406683+2637587]
	GetHandleVerifier [0x0x1401a8a+2618138]
	GetHandleVerifier [0x0x11b856a+220666]
	GetHandleVerifier [0x0x11a8998+156200]
	GetHandleVerifier [0x0x11af12d+182717]
	GetHandleVerifier [0x0x1199a38+94920]
	GetHandleVerifier [0x0x1199bc2+95314]
	GetHandleVerifier [0x0x1184d0a+9626]
	BaseThreadInitThunk [0x0x75a15d49+25]
	RtlInitializeExceptionChain [0x0x773dd1ab+107]
	RtlGetAppContainerNamedObjectPath [0x0x773dd131+561]
</p><p style="color:maroon;">Traceback (most recent call last):
  File "D:\B.tech Information Technology\4th year\7th sem\software testing lab\software_testing_lab\myapp\test_login.py", line 68, in test_valid_login
    WebDriverWait(self.driver, 5).until(
  File "C:\Users\akash\AppData\Local\Packages\PythonSoftwareFoundation.Python.3.12_qbz5n2kfra8p0\LocalCache\local-packages\Python312\site-packages\selenium\webdriver\support\wait.py", line 138, in until
    raise TimeoutException(message, screen, stacktrace)
selenium.common.exceptions.TimeoutException: Message: 
Stacktrace:
	GetHandleVerifier [0x0x1191af3+62339]
	GetHandleVerifier [0x0x1191b34+62404]
	(No symbol) [0x0xfd2123]
	(No symbol) [0x0x101a86e]
	(No symbol) [0x0x101ac0b]
	(No symbol) [0x0x1062f72]
	(No symbol) [0x0x103f404]
	(No symbol) [0x0x10607a3]
	(No symbol) [0x0x103f1b6]
	(No symbol) [0x0x100e7a2]
	(No symbol) [0x0x100f644]
	GetHandleVerifier [0x0x1406683+2637587]
	GetHandleVerifier [0x0x1401a8a+2618138]
	GetHandleVerifier [0x0x11b856a+220666]
	GetHandleVerifier [0x0x11a8998+156200]
	GetHandleVerifier [0x0x11af12d+182717]
	GetHandleVerifier [0x0x1199a38+94920]
	GetHandleVerifier [0x0x1199bc2+95314]
	GetHandleVerifier [0x0x1184d0a+9626]
	BaseThreadInitThunk [0x0x75a15d49+25]
	RtlInitializeExceptionChain [0x0x773dd1ab+107]
	RtlGetAppContainerNamedObjectPath [0x0x773dd131+561]

</p>
                            </td>
                        </tr>
                        <tr>
                            <td colspan="3">
                                Total: 3, Pass: 1, Error: 2 -- Duration: 30.51 s
                            </td>
                        </tr>
                    </tbody>
                </table>
            </div>
        </div>
    </div>
    <script src="https://ajax.googleapis.com/ajax/libs/jquery/2.2.4/jquery.min.js"></script>
    <script type="text/javascript">
        $(document).ready(function(){
            $('td').on('click', '.btn', function(e){
                e.preventDefault();
                e.stopImmediatePropagation();
                var $this = $(this);
                var $nextRow = $this.closest('tr').next('tr');
                $nextRow.slideToggle("fast");
                $this.text(function(i, text){
                    if (text === 'View') {
                        return 'Hide';
                    } else {
                        return 'View';
                    };
                });
            });
        });
    </script>
</body>
</html